This is pdfTeX, Version 3.141592653-2.6-1.40.25 (MiKTeX 24.1) (preloaded format=pdflatex 2025.9.26)  28 SEP 2025 20:30
entering extended mode
 restricted \write18 enabled.
 %&-line parsing enabled.
**./main.tex
(main.tex
LaTeX2e <2023-11-01> patch level 1
L3 programming layer <2024-01-04>
(tum_report.cls
Document Class: tum_report 10/08/2023 A LaTeX Report Template for Technical Uni
versity of Moldova
(C:\miktex\tex/latex/base\report.cls
Document Class: report 2023/05/17 v1.4n Standard LaTeX document class
(C:\miktex\tex/latex/base\size10.clo
File: size10.clo 2023/05/17 v1.4n Standard LaTeX file (size option)
)
\c@part=\count187
\c@chapter=\count188
\c@section=\count189
\c@subsection=\count190
\c@subsubsection=\count191
\c@paragraph=\count192
\c@subparagraph=\count193
\c@figure=\count194
\c@table=\count195
\abovecaptionskip=\skip48
\belowcaptionskip=\skip49
\bibindent=\dimen140
) (C:\miktex\tex/latex/amsmath\amsmath.sty
Package: amsmath 2023/05/13 v2.17o AMS math features
\@mathmargin=\skip50
For additional information on amsmath, use the `?' option.
(C:\miktex\tex/latex/amsmath\amstext.sty
Package: amstext 2021/08/26 v2.01 AMS text

(C:\miktex\tex/latex/amsmath\amsgen.sty
File: amsgen.sty 1999/11/30 v2.0 generic functions
\@emptytoks=\toks17
\ex@=\dimen141
))
(C:\miktex\tex/latex/amsmath\amsbsy.sty
Package: amsbsy 1999/11/29 v1.2d Bold Symbols
\pmbraise@=\dimen142
)
(C:\miktex\tex/latex/amsmath\amsopn.sty
Package: amsopn 2022/04/08 v2.04 operator names
)
\inf@bad=\count196
LaTeX Info: Redefining \frac on input line 234.
\uproot@=\count197
\leftroot@=\count198
LaTeX Info: Redefining \overline on input line 399.
LaTeX Info: Redefining \colon on input line 410.
\classnum@=\count199
\DOTSCASE@=\count266
LaTeX Info: Redefining \ldots on input line 496.
LaTeX Info: Redefining \dots on input line 499.
LaTeX Info: Redefining \cdots on input line 620.
\Mathstrutbox@=\box51
\strutbox@=\box52
LaTeX Info: Redefining \big on input line 722.
LaTeX Info: Redefining \Big on input line 723.
LaTeX Info: Redefining \bigg on input line 724.
LaTeX Info: Redefining \Bigg on input line 725.
\big@size=\dimen143
LaTeX Font Info:    Redeclaring font encoding OML on input line 743.
LaTeX Font Info:    Redeclaring font encoding OMS on input line 744.
\macc@depth=\count267
LaTeX Info: Redefining \bmod on input line 905.
LaTeX Info: Redefining \pmod on input line 910.
LaTeX Info: Redefining \smash on input line 940.
LaTeX Info: Redefining \relbar on input line 970.
LaTeX Info: Redefining \Relbar on input line 971.
\c@MaxMatrixCols=\count268
\dotsspace@=\muskip16
\c@parentequation=\count269
\dspbrk@lvl=\count270
\tag@help=\toks18
\row@=\count271
\column@=\count272
\maxfields@=\count273
\andhelp@=\toks19
\eqnshift@=\dimen144
\alignsep@=\dimen145
\tagshift@=\dimen146
\tagwidth@=\dimen147
\totwidth@=\dimen148
\lineht@=\dimen149
\@envbody=\toks20
\multlinegap=\skip51
\multlinetaggap=\skip52
\mathdisplay@stack=\toks21
LaTeX Info: Redefining \[ on input line 2953.
LaTeX Info: Redefining \] on input line 2954.
)
(C:\miktex\tex/generic/babel\babel.sty
Package: babel 2024/01/07 v24.1 The Babel package
\babel@savecnt=\count274
\U@D=\dimen150
\l@unhyphenated=\language79

(C:\miktex\tex/generic/babel\txtbabel.def)
\bbl@readstream=\read2
\bbl@dirlevel=\count275

*************************************
* Local config file bblopts.cfg used
*
(C:\miktex\tex/latex/arabi\bblopts.cfg
File: bblopts.cfg 2005/09/08 v0.1 add Arabic and Farsi to "declared" options of
 babel
)
(C:\miktex\tex/latex/babel-english\english.ldf
Language: english 2017/06/06 v3.3r English support from the babel system
Package babel Info: Hyphen rules for 'canadian' set to \l@english
(babel)             (\language0). Reported on input line 102.
Package babel Info: Hyphen rules for 'australian' set to \l@ukenglish
(babel)             (\language73). Reported on input line 105.
Package babel Info: Hyphen rules for 'newzealand' set to \l@ukenglish
(babel)             (\language73). Reported on input line 108.
))
(C:\miktex\tex/generic/babel/locale/en\babel-english.tex
Package babel Info: Importing font and identification data for english
(babel)             from babel-en.ini. Reported on input line 11.
)
(C:\miktex\tex/latex/caption\caption.sty
Package: caption 2023/08/05 v3.6o Customizing captions (AR)

(C:\miktex\tex/latex/caption\caption3.sty
Package: caption3 2023/07/31 v2.4d caption3 kernel (AR)

(C:\miktex\tex/latex/graphics\keyval.sty
Package: keyval 2022/05/29 v1.15 key=value parser (DPC)
\KV@toks@=\toks22
)
\caption@tempdima=\dimen151
\captionmargin=\dimen152
\caption@leftmargin=\dimen153
\caption@rightmargin=\dimen154
\caption@width=\dimen155
\caption@indent=\dimen156
\caption@parindent=\dimen157
\caption@hangindent=\dimen158
Package caption Info: Standard document class detected.
)
Package caption Info: Option `figurewithin=chapter' requires the `newfloat' pac
kage on input line 172.

(C:\miktex\tex/latex/newfloat\newfloat.sty
Package: newfloat 2023/10/01 v1.2 Defining new floating environments (AR)
Package newfloat Info: Document class `report' detected (original).
)
\c@caption@flags=\count276
\c@continuedfloat=\count277
)
(C:\miktex\tex/latex/graphics\color.sty
Package: color 2022/01/06 v1.3d Standard LaTeX Color (DPC)

(C:\miktex\tex/latex/graphics-cfg\color.cfg
File: color.cfg 2016/01/02 v1.6 sample color configuration
)
Package color Info: Driver file: pdftex.def on input line 149.

(C:\miktex\tex/latex/graphics-def\pdftex.def
File: pdftex.def 2022/09/22 v1.2b Graphics/color driver for pdftex
)
(C:\miktex\tex/latex/graphics\mathcolor.ltx))
(C:\miktex\tex/latex/base\inputenc.sty
Package: inputenc 2021/02/14 v1.3d Input encoding file
\inpenc@prehook=\toks23
\inpenc@posthook=\toks24
)
(C:\miktex\tex/latex/csquotes\csquotes.sty
Package: csquotes 2024-04-04 v5.2o context-sensitive quotations (JAW)

(C:\miktex\tex/latex/etoolbox\etoolbox.sty
Package: etoolbox 2020/10/05 v2.5k e-TeX tools for LaTeX (JAW)
\etb@tempcnta=\count278
)
\csq@reset=\count279
\csq@gtype=\count280
\csq@glevel=\count281
\csq@qlevel=\count282
\csq@maxlvl=\count283
\csq@tshold=\count284
\csq@ltx@everypar=\toks25

(C:\miktex\tex/latex/csquotes\csquotes.def
File: csquotes.def 2024-04-04 v5.2o csquotes generic definitions (JAW)
)
Package csquotes Info: Trying to load configuration file 'csquotes.cfg'...
Package csquotes Info: ... configuration file loaded successfully.

(C:\miktex\tex/latex/csquotes\csquotes.cfg
File: csquotes.cfg 
))
(C:\miktex\tex/latex/tools\enumerate.sty
Package: enumerate 2023/07/04 v3.00 enumerate extensions (DPC)
\@enLab=\toks26
)
(C:\miktex\tex/latex/enumitem\enumitem.sty
Package: enumitem 2025/02/06 v3.11 Customized lists
\labelindent=\skip53
\enit@outerparindent=\dimen159
\enit@toks=\toks27
\enit@inbox=\box53
\enit@count@id=\count285
\enitdp@description=\count286
)
(C:\miktex\tex/latex/eso-pic\eso-pic.sty
Package: eso-pic 2023/05/03 v3.0c eso-pic (RN)
\ESO@tempdima=\dimen160
\ESO@tempdimb=\dimen161
)
(C:\miktex\tex/latex/fancyhdr\fancyhdr.sty
Package: fancyhdr 2025/02/07 v5.2 Extensive control of page headers and footers

\f@nch@headwidth=\skip54
\f@nch@offset@elh=\skip55
\f@nch@offset@erh=\skip56
\f@nch@offset@olh=\skip57
\f@nch@offset@orh=\skip58
\f@nch@offset@elf=\skip59
\f@nch@offset@erf=\skip60
\f@nch@offset@olf=\skip61
\f@nch@offset@orf=\skip62
\f@nch@height=\skip63
\f@nch@footalignment=\skip64
\f@nch@widthL=\skip65
\f@nch@widthC=\skip66
\f@nch@widthR=\skip67
\@temptokenb=\toks28
)
(C:\miktex\tex/latex/float\float.sty
Package: float 2001/11/08 v1.3d Float enhancements (AL)
\c@float@type=\count287
\float@exts=\toks29
\float@box=\box54
\@float@everytoks=\toks30
\@floatcapt=\box55
)
(C:\miktex\tex/latex/geometry\geometry.sty
Package: geometry 2020/01/02 v5.9 Page Geometry

(C:\miktex\tex/generic/iftex\ifvtex.sty
Package: ifvtex 2019/10/25 v1.7 ifvtex legacy package. Use iftex instead.
 (C:\miktex\tex/generic/iftex\iftex.sty
Package: iftex 2022/02/03 v1.0f TeX engine tests
))
\Gm@cnth=\count288
\Gm@cntv=\count289
\c@Gm@tempcnt=\count290
\Gm@bindingoffset=\dimen162
\Gm@wd@mp=\dimen163
\Gm@odd@mp=\dimen164
\Gm@even@mp=\dimen165
\Gm@layoutwidth=\dimen166
\Gm@layoutheight=\dimen167
\Gm@layouthoffset=\dimen168
\Gm@layoutvoffset=\dimen169
\Gm@dimlist=\toks31
 (C:\miktex\tex/latex/geometry\geometry.cfg))
(C:\miktex\tex/latex/graphics\graphicx.sty
Package: graphicx 2021/09/16 v1.2d Enhanced LaTeX Graphics (DPC,SPQR)

(C:\miktex\tex/latex/graphics\graphics.sty
Package: graphics 2022/03/10 v1.4e Standard LaTeX Graphics (DPC,SPQR)

(C:\miktex\tex/latex/graphics\trig.sty
Package: trig 2021/08/11 v1.11 sin cos tan (DPC)
)
(C:\miktex\tex/latex/graphics-cfg\graphics.cfg
File: graphics.cfg 2016/06/04 v1.11 sample graphics configuration
)
Package graphics Info: Driver file: pdftex.def on input line 107.
)
\Gin@req@height=\dimen170
\Gin@req@width=\dimen171
)
(C:\miktex\tex/latex/tools\indentfirst.sty
Package: indentfirst 2023/07/02 v1.03 Indent first paragraph (DPC)
)
(C:\miktex\tex/latex/listings\listings.sty
\lst@mode=\count291
\lst@gtempboxa=\box56
\lst@token=\toks32
\lst@length=\count292
\lst@currlwidth=\dimen172
\lst@column=\count293
\lst@pos=\count294
\lst@lostspace=\dimen173
\lst@width=\dimen174
\lst@newlines=\count295
\lst@lineno=\count296
\lst@maxwidth=\dimen175

(C:\miktex\tex/latex/listings\lstmisc.sty
File: lstmisc.sty 2023/02/27 1.9 (Carsten Heinz)
\c@lstnumber=\count297
\lst@skipnumbers=\count298
\lst@framebox=\box57
)
(C:\miktex\tex/latex/listings\listings.cfg
File: listings.cfg 2023/02/27 1.9 listings configuration
))
Package: listings 2023/02/27 1.9 (Carsten Heinz)

(C:\miktex\tex/latex/psnfss\mathptmx.sty
Package: mathptmx 2020/03/25 PSNFSS-v9.3 Times w/ Math, improved (SPQR, WaS) 
LaTeX Font Info:    Redeclaring symbol font `operators' on input line 28.
LaTeX Font Info:    Overwriting symbol font `operators' in version `normal'
(Font)                  OT1/cmr/m/n --> OT1/ztmcm/m/n on input line 28.
LaTeX Font Info:    Overwriting symbol font `operators' in version `bold'
(Font)                  OT1/cmr/bx/n --> OT1/ztmcm/m/n on input line 28.
LaTeX Font Info:    Redeclaring symbol font `letters' on input line 29.
LaTeX Font Info:    Overwriting symbol font `letters' in version `normal'
(Font)                  OML/cmm/m/it --> OML/ztmcm/m/it on input line 29.
LaTeX Font Info:    Overwriting symbol font `letters' in version `bold'
(Font)                  OML/cmm/b/it --> OML/ztmcm/m/it on input line 29.
LaTeX Font Info:    Redeclaring symbol font `symbols' on input line 30.
LaTeX Font Info:    Overwriting symbol font `symbols' in version `normal'
(Font)                  OMS/cmsy/m/n --> OMS/ztmcm/m/n on input line 30.
LaTeX Font Info:    Overwriting symbol font `symbols' in version `bold'
(Font)                  OMS/cmsy/b/n --> OMS/ztmcm/m/n on input line 30.
LaTeX Font Info:    Redeclaring symbol font `largesymbols' on input line 31.
LaTeX Font Info:    Overwriting symbol font `largesymbols' in version `normal'
(Font)                  OMX/cmex/m/n --> OMX/ztmcm/m/n on input line 31.
LaTeX Font Info:    Overwriting symbol font `largesymbols' in version `bold'
(Font)                  OMX/cmex/m/n --> OMX/ztmcm/m/n on input line 31.
\symbold=\mathgroup4
\symitalic=\mathgroup5
LaTeX Font Info:    Redeclaring math alphabet \mathbf on input line 34.
LaTeX Font Info:    Overwriting math alphabet `\mathbf' in version `normal'
(Font)                  OT1/cmr/bx/n --> OT1/ptm/bx/n on input line 34.
LaTeX Font Info:    Overwriting math alphabet `\mathbf' in version `bold'
(Font)                  OT1/cmr/bx/n --> OT1/ptm/bx/n on input line 34.
LaTeX Font Info:    Redeclaring math alphabet \mathit on input line 35.
LaTeX Font Info:    Overwriting math alphabet `\mathit' in version `normal'
(Font)                  OT1/cmr/m/it --> OT1/ptm/m/it on input line 35.
LaTeX Font Info:    Overwriting math alphabet `\mathit' in version `bold'
(Font)                  OT1/cmr/bx/it --> OT1/ptm/m/it on input line 35.
LaTeX Info: Redefining \hbar on input line 50.
)
(C:\miktex\tex/latex/multirow\multirow.sty
Package: multirow 2024/11/12 v2.9 Span multiple rows of a table
\multirow@colwidth=\skip68
\multirow@cntb=\count299
\multirow@dima=\skip69
\bigstrutjot=\dimen176
) (C:\miktex\tex/latex/mwe\mwe.sty
Package: mwe 2018/03/30 v0.5 Package to support minimal working examples (MWE)

(C:\miktex\tex/latex/lipsum\lipsum.sty
(C:\miktex\tex/latex/l3packages/l3keys2e\l3keys2e.sty
(C:\miktex\tex/latex/l3kernel\expl3.sty
Package: expl3 2024-01-04 L3 programming layer (loader) 

(C:\miktex\tex/latex/l3backend\l3backend-pdftex.def
File: l3backend-pdftex.def 2024-01-04 L3 backend support: PDF output (pdfTeX)
\l__color_backend_stack_int=\count300
\l__pdf_internal_box=\box58
))
Package: l3keys2e 2023-10-10 LaTeX2e option processing using LaTeX3 keys
)
Package: lipsum 2021-09-20 v2.7 150 paragraphs of Lorem Ipsum dummy text
\g__lipsum_par_int=\count301
\l__lipsum_a_int=\count302
\l__lipsum_b_int=\count303

(C:\miktex\tex/latex/lipsum\lipsum.ltd.tex))
(C:\miktex\tex/latex/blindtext\blindtext.sty
Package: blindtext 2012/01/06 V2.0 blindtext-Package

(C:\miktex\tex/latex/tools\xspace.sty
Package: xspace 2014/10/28 v1.13 Space after command names (DPC,MH)
)
\c@blindtext=\count304
\c@Blindtext=\count305
\c@blind@countparstart=\count306
\blind@countxx=\count307
\blindtext@numBlindtext=\count308
\blind@countyy=\count309
\c@blindlist=\count310
\c@blindlistlevel=\count311
\c@blindlist@level=\count312
\blind@listitem=\count313
\c@blind@listcount=\count314
\c@blind@levelcount=\count315
\blind@mathformula=\count316
\blind@Mathformula=\count317
\c@blind@randomcount=\count318
\c@blind@randommax=\count319
\c@blind@pangramcount=\count320
\c@blind@pangrammax=\count321
))
(C:\miktex\tex/latex/koma-script\scrextend.sty
Package: scrextend 2025/09/09 v3.48 KOMA-Script package (extend other classes w
ith features of KOMA-Script classes)

(C:\miktex\tex/latex/koma-script\scrkbase.sty
Package: scrkbase 2025/09/09 v3.48 KOMA-Script package (KOMA-Script-dependent b
asics and keyval usage)

(C:\miktex\tex/latex/koma-script\scrbase.sty
Package: scrbase 2025/09/09 v3.48 KOMA-Script package (KOMA-Script-independent 
basics and keyval usage)

(C:\miktex\tex/latex/koma-script\scrlfile.sty
Package: scrlfile 2025/09/09 v3.48 KOMA-Script package (file load hooks)

(C:\miktex\tex/latex/koma-script\scrlfile-hook.sty
Package: scrlfile-hook 2025/09/09 v3.48 KOMA-Script package (using LaTeX hooks)


(C:\miktex\tex/latex/koma-script\scrlogo.sty
Package: scrlogo 2025/09/09 v3.48 KOMA-Script package (logo)
)))
Applying: [2021/05/01] Usage of raw or classic option list on input line 254.
Already applied: [0000/00/00] Usage of raw or classic option list on input line
 370.
)))
Package scrextend Info: File `scrsize12pt.clo' used to setup font sizes on inpu
t line 60.

(C:\miktex\tex/latex/koma-script\scrsize12pt.clo
File: scrsize12pt.clo 2025/09/09 v3.48 KOMA-Script font size class option (12pt
)
)
(C:\miktex\tex/latex/setspace\setspace.sty
Package: setspace 2022/12/04 v6.7b set line spacing
)
(C:\miktex\tex/latex/subfig\subfig.sty
Package: subfig 2005/06/28 ver: 1.3 subfig package
\c@KVtest=\count322
\sf@farskip=\skip70
\sf@captopadj=\dimen177
\sf@capskip=\skip71
\sf@nearskip=\skip72
\c@subfigure=\count323
\c@subfigure@save=\count324
\c@lofdepth=\count325
\c@subtable=\count326
\c@subtable@save=\count327
\c@lotdepth=\count328
\sf@top=\skip73
\sf@bottom=\skip74
)
(C:\miktex\tex/latex/titlesec\titlesec.sty
Package: titlesec 2025/01/04 v2.17 Sectioning titles
\ttl@box=\box59
\beforetitleunit=\skip75
\aftertitleunit=\skip76
\ttl@plus=\dimen178
\ttl@minus=\dimen179
\ttl@toksa=\toks33
\titlewidth=\dimen180
\titlewidthlast=\dimen181
\titlewidthfirst=\dimen182
)
(C:\miktex\tex/latex/tocloft\tocloft.sty
Package: tocloft 2017/08/31 v2.3i parameterised ToC, etc., typesetting
Package tocloft Info: The document has chapter divisions on input line 51.
\cftparskip=\skip77
\cftbeforetoctitleskip=\skip78
\cftaftertoctitleskip=\skip79
\cftbeforepartskip=\skip80
\cftpartnumwidth=\skip81
\cftpartindent=\skip82
\cftbeforechapskip=\skip83
\cftchapindent=\skip84
\cftchapnumwidth=\skip85
\cftbeforesecskip=\skip86
\cftsecindent=\skip87
\cftsecnumwidth=\skip88
\cftbeforesubsecskip=\skip89
\cftsubsecindent=\skip90
\cftsubsecnumwidth=\skip91
\cftbeforesubsubsecskip=\skip92
\cftsubsubsecindent=\skip93
\cftsubsubsecnumwidth=\skip94
\cftbeforeparaskip=\skip95
\cftparaindent=\skip96
\cftparanumwidth=\skip97
\cftbeforesubparaskip=\skip98
\cftsubparaindent=\skip99
\cftsubparanumwidth=\skip100
\cftbeforeloftitleskip=\skip101
\cftafterloftitleskip=\skip102
\cftbeforefigskip=\skip103
\cftfigindent=\skip104
\cftfignumwidth=\skip105
\cftbeforelottitleskip=\skip106
\cftafterlottitleskip=\skip107
\cftbeforetabskip=\skip108
\cfttabindent=\skip109
\cfttabnumwidth=\skip110
\cftbeforesubfigskip=\skip111
\cftsubfigindent=\skip112
\cftsubfignumwidth=\skip113
\cftbeforesubtabskip=\skip114
\cftsubtabindent=\skip115
\cftsubtabnumwidth=\skip116
) (C:\miktex\tex/latex/url\url.sty
\Urlmuskip=\muskip17
Package: url 2013/09/16  ver 3.4  Verb mode for urls, etc.
)
(C:\miktex\tex/latex/hyperref\hyperref.sty
Package: hyperref 2023-11-26 v7.01g Hypertext links for LaTeX

(C:\miktex\tex/generic/infwarerr\infwarerr.sty
Package: infwarerr 2019/12/03 v1.5 Providing info/warning/error messages (HO)
)
(C:\miktex\tex/latex/kvsetkeys\kvsetkeys.sty
Package: kvsetkeys 2022-10-05 v1.19 Key value parser (HO)
)
(C:\miktex\tex/generic/kvdefinekeys\kvdefinekeys.sty
Package: kvdefinekeys 2019-12-19 v1.6 Define keys (HO)
)
(C:\miktex\tex/generic/pdfescape\pdfescape.sty
Package: pdfescape 2019/12/09 v1.15 Implements pdfTeX's escape features (HO)

(C:\miktex\tex/generic/ltxcmds\ltxcmds.sty
Package: ltxcmds 2023-12-04 v1.26 LaTeX kernel commands for general use (HO)
)
(C:\miktex\tex/generic/pdftexcmds\pdftexcmds.sty
Package: pdftexcmds 2020-06-27 v0.33 Utility functions of pdfTeX for LuaTeX (HO
)
Package pdftexcmds Info: \pdf@primitive is available.
Package pdftexcmds Info: \pdf@ifprimitive is available.
Package pdftexcmds Info: \pdfdraftmode found.
))
(C:\miktex\tex/latex/hycolor\hycolor.sty
Package: hycolor 2020-01-27 v1.10 Color options for hyperref/bookmark (HO)
)
(C:\miktex\tex/latex/letltxmacro\letltxmacro.sty
Package: letltxmacro 2019/12/03 v1.6 Let assignment for LaTeX macros (HO)
)
(C:\miktex\tex/latex/auxhook\auxhook.sty
Package: auxhook 2019-12-17 v1.6 Hooks for auxiliary files (HO)
)
(C:\miktex\tex/latex/hyperref\nameref.sty
Package: nameref 2023-11-26 v2.56 Cross-referencing by name of section

(C:\miktex\tex/latex/refcount\refcount.sty
Package: refcount 2019/12/15 v3.6 Data extraction from label references (HO)
)
(C:\miktex\tex/generic/gettitlestring\gettitlestring.sty
Package: gettitlestring 2019/12/15 v1.6 Cleanup title references (HO)

(C:\miktex\tex/latex/kvoptions\kvoptions.sty
Package: kvoptions 2022-06-15 v3.15 Key value format for package options (HO)
))
\c@section@level=\count329
)
\@linkdim=\dimen183
\Hy@linkcounter=\count330
\Hy@pagecounter=\count331

(C:\miktex\tex/latex/hyperref\pd1enc.def
File: pd1enc.def 2023-11-26 v7.01g Hyperref: PDFDocEncoding definition (HO)
Now handling font encoding PD1 ...
... no UTF-8 mapping file for font encoding PD1
)
(C:\miktex\tex/generic/intcalc\intcalc.sty
Package: intcalc 2019/12/15 v1.3 Expandable calculations with integers (HO)
)
\Hy@SavedSpaceFactor=\count332

(C:\miktex\tex/latex/hyperref\puenc.def
File: puenc.def 2023-11-26 v7.01g Hyperref: PDF Unicode definition (HO)
Now handling font encoding PU ...
... no UTF-8 mapping file for font encoding PU
)
Package hyperref Info: Hyper figures OFF on input line 4181.
Package hyperref Info: Link nesting OFF on input line 4186.
Package hyperref Info: Hyper index ON on input line 4189.
Package hyperref Info: Plain pages OFF on input line 4196.
Package hyperref Info: Backreferencing OFF on input line 4201.
Package hyperref Info: Implicit mode ON; LaTeX internals redefined.
Package hyperref Info: Bookmarks ON on input line 4448.
\c@Hy@tempcnt=\count333
LaTeX Info: Redefining \url on input line 4786.
\XeTeXLinkMargin=\dimen184

(C:\miktex\tex/generic/bitset\bitset.sty
Package: bitset 2019/12/09 v1.3 Handle bit-vector datatype (HO)

(C:\miktex\tex/generic/bigintcalc\bigintcalc.sty
Package: bigintcalc 2019/12/15 v1.5 Expandable calculations on big integers (HO
)
))
\Fld@menulength=\count334
\Field@Width=\dimen185
\Fld@charsize=\dimen186
Package hyperref Info: Hyper figures OFF on input line 6065.
Package hyperref Info: Link nesting OFF on input line 6070.
Package hyperref Info: Hyper index ON on input line 6073.
Package hyperref Info: backreferencing OFF on input line 6080.
Package hyperref Info: Link coloring OFF on input line 6085.
Package hyperref Info: Link coloring with OCG OFF on input line 6090.
Package hyperref Info: PDF/A mode OFF on input line 6095.

(C:\miktex\tex/latex/base\atbegshi-ltx.sty
Package: atbegshi-ltx 2021/01/10 v1.0c Emulation of the original atbegshi
package with kernel methods
)
\Hy@abspage=\count335
\c@Item=\count336
\c@Hfootnote=\count337
)
Package hyperref Info: Driver (autodetected): hpdftex.

(C:\miktex\tex/latex/hyperref\hpdftex.def
File: hpdftex.def 2023-11-26 v7.01g Hyperref driver for pdfTeX

(C:\miktex\tex/latex/base\atveryend-ltx.sty
Package: atveryend-ltx 2020/08/19 v1.0a Emulation of the original atveryend pac
kage
with kernel methods
)
\Fld@listcount=\count338
\c@bookmark@seq@number=\count339

(C:\miktex\tex/latex/rerunfilecheck\rerunfilecheck.sty
Package: rerunfilecheck 2025-06-21 v1.11 Rerun checks for auxiliary files (HO)

(C:\miktex\tex/generic/uniquecounter\uniquecounter.sty
Package: uniquecounter 2019/12/15 v1.4 Provide unlimited unique counter (HO)
)
Package uniquecounter Info: New unique counter `rerunfilecheck' on input line 2
84.
)
\Hy@SectionHShift=\skip117
)
Package hyperref Info: Option `unicode' set `true' on input line 233.
)
(C:\miktex\tex/latex/biblatex\biblatex.sty
Package: biblatex 2023/03/05 v3.19 programmable bibliographies (PK/MW)

(C:\miktex\tex/latex/logreq\logreq.sty
Package: logreq 2010/08/04 v1.0 xml request logger
\lrq@indent=\count340
 (C:\miktex\tex/latex/logreq\logreq.def
File: logreq.def 2010/08/04 v1.0 logreq spec v1.0
)) (C:\miktex\tex/latex/base\ifthen.sty
Package: ifthen 2022/04/13 v1.1d Standard LaTeX ifthen package (DPC)
)
\c@tabx@nest=\count341
\c@listtotal=\count342
\c@listcount=\count343
\c@liststart=\count344
\c@liststop=\count345
\c@citecount=\count346
\c@citetotal=\count347
\c@multicitecount=\count348
\c@multicitetotal=\count349
\c@instcount=\count350
\c@maxnames=\count351
\c@minnames=\count352
\c@maxitems=\count353
\c@minitems=\count354
\c@citecounter=\count355
\c@maxcitecounter=\count356
\c@savedcitecounter=\count357
\c@uniquelist=\count358
\c@uniquename=\count359
\c@refsection=\count360
\c@refsegment=\count361
\c@maxextratitle=\count362
\c@maxextratitleyear=\count363
\c@maxextraname=\count364
\c@maxextradate=\count365
\c@maxextraalpha=\count366
\c@abbrvpenalty=\count367
\c@highnamepenalty=\count368
\c@lownamepenalty=\count369
\c@maxparens=\count370
\c@parenlevel=\count371
\blx@tempcnta=\count372
\blx@tempcntb=\count373
\blx@tempcntc=\count374
\c@blx@maxsection=\count375
\blx@maxsegment@0=\count376
\blx@notetype=\count377
\blx@parenlevel@text=\count378
\blx@parenlevel@foot=\count379
\blx@sectionciteorder@0=\count380
\blx@sectionciteorderinternal@0=\count381
\blx@entrysetcounter=\count382
\blx@biblioinstance=\count383
\labelnumberwidth=\skip118
\labelalphawidth=\skip119
\biblabelsep=\skip120
\bibitemsep=\skip121
\bibnamesep=\skip122
\bibinitsep=\skip123
\bibparsep=\skip124
\bibhang=\skip125
\blx@bcfin=\read3
\blx@bcfout=\write3
\blx@langwohyphens=\language80
\c@mincomprange=\count384
\c@maxcomprange=\count385
\c@mincompwidth=\count386
Package biblatex Info: Trying to load biblatex default data model...
Package biblatex Info: ... file 'blx-dm.def' found.
 (C:\miktex\tex/latex/biblatex\blx-dm.def
File: blx-dm.def 2023/03/05 v3.19 biblatex localization (PK/MW)
)
Package biblatex Info: Trying to load biblatex style data model...
Package biblatex Info: ... file 'ieee.dbx' not found.
Package biblatex Info: Trying to load biblatex custom data model...
Package biblatex Info: ... file 'biblatex-dm.cfg' not found.
\c@afterword=\count387
\c@savedafterword=\count388
\c@annotator=\count389
\c@savedannotator=\count390
\c@author=\count391
\c@savedauthor=\count392
\c@bookauthor=\count393
\c@savedbookauthor=\count394
\c@commentator=\count395
\c@savedcommentator=\count396
\c@editor=\count397
\c@savededitor=\count398
\c@editora=\count399
\c@savededitora=\count400
\c@editorb=\count401
\c@savededitorb=\count402
\c@editorc=\count403
\c@savededitorc=\count404
\c@foreword=\count405
\c@savedforeword=\count406
\c@holder=\count407
\c@savedholder=\count408
\c@introduction=\count409
\c@savedintroduction=\count410
\c@namea=\count411
\c@savednamea=\count412
\c@nameb=\count413
\c@savednameb=\count414
\c@namec=\count415
\c@savednamec=\count416
\c@translator=\count417
\c@savedtranslator=\count418
\c@shortauthor=\count419
\c@savedshortauthor=\count420
\c@shorteditor=\count421
\c@savedshorteditor=\count422
\c@labelname=\count423
\c@savedlabelname=\count424
\c@institution=\count425
\c@savedinstitution=\count426
\c@lista=\count427
\c@savedlista=\count428
\c@listb=\count429
\c@savedlistb=\count430
\c@listc=\count431
\c@savedlistc=\count432
\c@listd=\count433
\c@savedlistd=\count434
\c@liste=\count435
\c@savedliste=\count436
\c@listf=\count437
\c@savedlistf=\count438
\c@location=\count439
\c@savedlocation=\count440
\c@organization=\count441
\c@savedorganization=\count442
\c@origlocation=\count443
\c@savedoriglocation=\count444
\c@origpublisher=\count445
\c@savedorigpublisher=\count446
\c@publisher=\count447
\c@savedpublisher=\count448
\c@language=\count449
\c@savedlanguage=\count450
\c@origlanguage=\count451
\c@savedoriglanguage=\count452
\c@pageref=\count453
\c@savedpageref=\count454
\shorthandwidth=\skip126
\shortjournalwidth=\skip127
\shortserieswidth=\skip128
\shorttitlewidth=\skip129
\shortauthorwidth=\skip130
\shorteditorwidth=\skip131
\locallabelnumberwidth=\skip132
\locallabelalphawidth=\skip133
\localshorthandwidth=\skip134
\localshortjournalwidth=\skip135
\localshortserieswidth=\skip136
\localshorttitlewidth=\skip137
\localshortauthorwidth=\skip138
\localshorteditorwidth=\skip139
Package biblatex Info: Trying to load compatibility code...
Package biblatex Info: ... file 'blx-compat.def' found.
 (C:\miktex\tex/latex/biblatex\blx-compat.def
File: blx-compat.def 2023/03/05 v3.19 biblatex compatibility (PK/MW)
)
Package biblatex Info: Trying to load generic definitions...
Package biblatex Info: ... file 'biblatex.def' found.

(C:\miktex\tex/latex/biblatex\biblatex.def
File: biblatex.def 2023/03/05 v3.19 biblatex compatibility (PK/MW)
\c@textcitecount=\count455
\c@textcitetotal=\count456
\c@textcitemaxnames=\count457
\c@biburlbigbreakpenalty=\count458
\c@biburlbreakpenalty=\count459
\c@biburlnumpenalty=\count460
\c@biburlucpenalty=\count461
\c@biburllcpenalty=\count462
\biburlbigskip=\muskip18
\biburlnumskip=\muskip19
\biburlucskip=\muskip20
\biburllcskip=\muskip21
\c@smartand=\count463
)
Package biblatex Info: Trying to load bibliography style 'ieee'...
Package biblatex Info: ... file 'ieee.bbx' found.

(C:\miktex\tex/latex/biblatex-ieee\ieee.bbx
File: ieee.bbx 2025-08-01 v1.4f biblatex bibliography style
Package biblatex Info: Trying to load bibliography style 'numeric-comp'...
Package biblatex Info: ... file 'numeric-comp.bbx' found.

(C:\miktex\tex/latex/biblatex/bbx\numeric-comp.bbx
File: numeric-comp.bbx 2023/03/05 v3.19 biblatex bibliography style (PK/MW)
Package biblatex Info: Trying to load bibliography style 'numeric'...
Package biblatex Info: ... file 'numeric.bbx' found.

(C:\miktex\tex/latex/biblatex/bbx\numeric.bbx
File: numeric.bbx 2023/03/05 v3.19 biblatex bibliography style (PK/MW)
Package biblatex Info: Trying to load bibliography style 'standard'...
Package biblatex Info: ... file 'standard.bbx' found.

(C:\miktex\tex/latex/biblatex/bbx\standard.bbx
File: standard.bbx 2023/03/05 v3.19 biblatex bibliography style (PK/MW)
\c@bbx:relatedcount=\count464
\c@bbx:relatedtotal=\count465
))))
Package biblatex Info: Trying to load citation style 'ieee'...
Package biblatex Info: ... file 'ieee.cbx' found.

(C:\miktex\tex/latex/biblatex-ieee\ieee.cbx
File: ieee.cbx 2025-08-01 v1.4f biblatex citation style
Package biblatex Info: Trying to load citation style 'numeric-verb'...
Package biblatex Info: ... file 'numeric-verb.cbx' found.

(C:\miktex\tex/latex/biblatex/cbx\numeric-verb.cbx
File: numeric-verb.cbx 2023/03/05 v3.19 biblatex citation style (PK/MW)
Package biblatex Info: Redefining '\cite'.
Package biblatex Info: Redefining '\parencite'.
Package biblatex Info: Redefining '\footcite'.
Package biblatex Info: Redefining '\footcitetext'.
Package biblatex Info: Redefining '\smartcite'.
Package biblatex Info: Redefining '\textcite'.
Package biblatex Info: Redefining '\supercite'.
Package biblatex Info: Redefining '\parencites'.
Package biblatex Info: Redefining '\smartcites'.
Package biblatex Info: Redefining '\textcites'.
))
Package biblatex Info: Trying to load configuration file...
Package biblatex Info: ... file 'biblatex.cfg' found.

(C:\miktex\tex/latex/biblatex\biblatex.cfg
File: biblatex.cfg 
)
Package biblatex Info: Input encoding 'utf8' detected.
Package biblatex Info: Document encoding is UTF8 ....
Package biblatex Info: ... and expl3
(biblatex)             2024-01-04 L3 programming layer (loader) 
(biblatex)             is new enough (at least 2020/04/06),
(biblatex)             setting 'casechanger=expl3'.

(C:\miktex\tex/latex/biblatex\blx-case-expl3.sty
(C:\miktex\tex/latex/l3packages/xparse\xparse.sty
Package: xparse 2023-10-10 L3 Experimental document command parser
)
Package: blx-case-expl3 2023/03/05 v3.19 expl3 case changing code for biblatex
))
Package csquotes Info: Checking for multilingual support...
Package csquotes Info: ... found 'babel' package.
Package csquotes Info: Adjusting default style.
Package csquotes Info: Redefining alias 'default' -> 'english'.
LaTeX Font Info:    Trying to load font information for OT1+ptm on input line 1
0.

(C:\miktex\tex/latex/psnfss\ot1ptm.fd
File: ot1ptm.fd 2001/06/04 font definitions for OT1/ptm.
) (main.aux)
\openout1 = `main.aux'.

LaTeX Font Info:    Checking defaults for OML/cmm/m/it on input line 10.
LaTeX Font Info:    ... okay on input line 10.
LaTeX Font Info:    Checking defaults for OMS/cmsy/m/n on input line 10.
LaTeX Font Info:    ... okay on input line 10.
LaTeX Font Info:    Checking defaults for OT1/cmr/m/n on input line 10.
LaTeX Font Info:    ... okay on input line 10.
LaTeX Font Info:    Checking defaults for T1/cmr/m/n on input line 10.
LaTeX Font Info:    ... okay on input line 10.
LaTeX Font Info:    Checking defaults for TS1/cmr/m/n on input line 10.
LaTeX Font Info:    ... okay on input line 10.
LaTeX Font Info:    Checking defaults for OMX/cmex/m/n on input line 10.
LaTeX Font Info:    ... okay on input line 10.
LaTeX Font Info:    Checking defaults for U/cmr/m/n on input line 10.
LaTeX Font Info:    ... okay on input line 10.
LaTeX Font Info:    Checking defaults for PD1/pdf/m/n on input line 10.
LaTeX Font Info:    ... okay on input line 10.
LaTeX Font Info:    Checking defaults for PU/pdf/m/n on input line 10.
LaTeX Font Info:    ... okay on input line 10.
Package caption Info: Begin \AtBeginDocument code.
Package caption Info: subfig package v1.3 is loaded.
Package caption Info: float package is loaded.
Package caption Info: hyperref package is loaded.
Package caption Info: listings package is loaded.
Package caption Info: scrextend package is loaded.
\caption@addmargin@hsize=\dimen187
\caption@addmargin@linewidth=\dimen188
Package caption Info: End \AtBeginDocument code.
Package newfloat Info: `float' package detected.

(C:\miktex\tex/context/base/mkii\supp-pdf.mkii
[Loading MPS to PDF converter (version 2006.09.02).]
\scratchcounter=\count466
\scratchdimen=\dimen189
\scratchbox=\box60
\nofMPsegments=\count467
\nofMParguments=\count468
\everyMPshowfont=\toks34
\MPscratchCnt=\count469
\MPscratchDim=\dimen190
\MPnumerator=\count470
\makeMPintoPDFobject=\count471
\everyMPtoPDFconversion=\toks35
) (C:\miktex\tex/latex/epstopdf-pkg\epstopdf-base.sty
Package: epstopdf-base 2020-01-24 v2.11 Base part for package epstopdf
Package epstopdf-base Info: Redefining graphics rule for `.eps' on input line 4
85.

(C:\miktex\tex/latex/00miktex\epstopdf-sys.cfg
File: epstopdf-sys.cfg 2021/03/18 v2.0 Configuration of epstopdf for MiKTeX
))
*geometry* driver: auto-detecting
*geometry* detected driver: pdftex
*geometry* verbose mode - [ preamble ] result:
* driver: pdftex
* paper: a4paper
* layout: <same size as paper>
* layoutoffset:(h,v)=(0.0pt,0.0pt)
* modes: 
* h-part:(L,W,R)=(56.9055pt, 512.14963pt, 28.45274pt)
* v-part:(T,H,B)=(56.9055pt, 731.23584pt, 56.9055pt)
* \paperwidth=597.50787pt
* \paperheight=845.04684pt
* \textwidth=512.14963pt
* \textheight=731.23584pt
* \oddsidemargin=-15.36449pt
* \evensidemargin=-15.36449pt
* \topmargin=-52.36449pt
* \headheight=12.0pt
* \headsep=25.0pt
* \topskip=10.0pt
* \footskip=30.0pt
* \marginparwidth=65.0pt
* \marginparsep=11.0pt
* \columnsep=10.0pt
* \skip\footins=10.8pt plus 4.0pt minus 2.0pt
* \hoffset=0.0pt
* \voffset=0.0pt
* \mag=1000
* \@twocolumnfalse
* \@twosidefalse
* \@mparswitchfalse
* \@reversemarginfalse
* (1in=72.27pt=25.4mm, 1cm=28.453pt)

\c@lstlisting=\count472
Package hyperref Info: Link coloring OFF on input line 10.
(main.out) (main.out)
\@outlinefile=\write4
\openout4 = `main.out'.

Package biblatex Info: Trying to load language 'english'...
Package biblatex Info: ... file 'english.lbx' found.
 (C:\miktex\tex/latex/biblatex/lbx\english.lbx
File: english.lbx 2023/03/05 v3.19 biblatex localization (PK/MW)
)
Package biblatex Info: Input encoding 'utf8' detected.
Package biblatex Info: Automatic encoding selection.
(biblatex)             Assuming data encoding 'utf8'.
\openout3 = `main.bcf'.

Package biblatex Info: Trying to load bibliographic data...
Package biblatex Info: ... file 'main.bbl' found.
 (main.bbl)
Package biblatex Info: Reference section=0 on input line 10.
Package biblatex Info: Reference segment=0 on input line 10.
(tex_files/title_page.tex
LaTeX Font Info:    Trying to load font information for OT1+ztmcm on input line
 27.
 (C:\miktex\tex/latex/psnfss\ot1ztmcm.fd
File: ot1ztmcm.fd 2000/01/03 Fontinst v1.801 font definitions for OT1/ztmcm.
)
LaTeX Font Info:    Trying to load font information for OML+ztmcm on input line
 27.

(C:\miktex\tex/latex/psnfss\omlztmcm.fd
File: omlztmcm.fd 2000/01/03 Fontinst v1.801 font definitions for OML/ztmcm.
)
LaTeX Font Info:    Trying to load font information for OMS+ztmcm on input line
 27.

(C:\miktex\tex/latex/psnfss\omsztmcm.fd
File: omsztmcm.fd 2000/01/03 Fontinst v1.801 font definitions for OMS/ztmcm.
)
LaTeX Font Info:    Trying to load font information for OMX+ztmcm on input line
 27.

(C:\miktex\tex/latex/psnfss\omxztmcm.fd
File: omxztmcm.fd 2000/01/03 Fontinst v1.801 font definitions for OMX/ztmcm.
)
LaTeX Font Info:    Font shape `OT1/ptm/bx/n' in size <12> not available
(Font)              Font shape `OT1/ptm/b/n' tried instead on input line 27.
LaTeX Font Info:    Font shape `OT1/ptm/bx/n' in size <9> not available
(Font)              Font shape `OT1/ptm/b/n' tried instead on input line 27.
LaTeX Font Info:    Font shape `OT1/ptm/bx/n' in size <7> not available
(Font)              Font shape `OT1/ptm/b/n' tried instead on input line 27.
LaTeX Font Info:    Font shape `OT1/ptm/bx/n' in size <14.4> not available
(Font)              Font shape `OT1/ptm/b/n' tried instead on input line 41.
LaTeX Font Info:    Font shape `OT1/ptm/bx/n' in size <10.95> not available
(Font)              Font shape `OT1/ptm/b/n' tried instead on input line 41.
LaTeX Font Info:    Font shape `OT1/ptm/bx/n' in size <8> not available
(Font)              Font shape `OT1/ptm/b/n' tried instead on input line 41.
 [1

{C:/Users/snowc/AppData/Local/MiKTeX/fonts/map/pdftex/pdftex.map}{C:/miktex/fon
ts/enc/dvips/base/8r.enc}])
(tex_files/abstract.tex) [2



] (main.toc [3

])
\tf@toc=\write5
\openout5 = `main.toc'.

 [4] (tex_files/introduction.tex)
[5


] (tex_files/midterm1.tex (C:\miktex\tex/latex/listings\lstlang1.sty
File: lstlang1.sty 2023/02/27 1.9 listings language file
)
Chapter 1.

LaTeX Warning: Citation 'interpol_identity_nodate' on page 6 undefined on input
 line 28.


LaTeX Warning: Citation 'us_customs_and_border_protection_cincinnati_nodate' on
 page 6 undefined on input line 28.


LaTeX Warning: Citation 'international_council_on_archives_emergency_nodate' on
 page 6 undefined on input line 28.


LaTeX Warning: Citation 'geoengineerorg_cologne_nodate' on page 6 undefined on 
input line 28.

<images/signature-forgery.jpg, id=319, 1927.2pt x 803.0pt>
File: images/signature-forgery.jpg Graphic file (type jpg)
<use images/signature-forgery.jpg>
Package pdftex.def Info: images/signature-forgery.jpg  used on input line 32.
(pdftex.def)             Requested size: 512.1496pt x 213.39436pt.

LaTeX Warning: Citation 'verizon_2024_nodate' on page 6 undefined on input line
 37.


LaTeX Warning: Citation 'ibm_cost_nodate' on page 6 undefined on input line 37.



LaTeX Warning: Citation 'ibm_cost_nodate-1' on page 6 undefined on input line 3
7.

LaTeX Font Info:    Trying to load font information for TS1+ptm on input line 3
7.
(C:\miktex\tex/latex/psnfss\ts1ptm.fd
File: ts1ptm.fd 2001/06/04 font definitions for TS1/ptm.
)

LaTeX Warning: Citation 'reuters__fbi_complaints_nodate' on page 6 undefined on
 input line 37.

[6


 <./images/signature-forgery.jpg>]
<images/man-in-the-middle.png, id=327, 883.3pt x 488.82625pt>
File: images/man-in-the-middle.png Graphic file (type png)
<use images/man-in-the-middle.png>
Package pdftex.def Info: images/man-in-the-middle.png  used on input line 41.
(pdftex.def)             Requested size: 512.1496pt x 283.43736pt.


LaTeX Warning: Citation 'wired_diginotar_nodate' on page 7 undefined on input l
ine 46.


LaTeX Warning: Citation 'hipaa_journal_verizon_nodate' on page 7 undefined on i
nput line 48.


LaTeX Warning: Citation 'eur-lex_gdpr_nodate' on page 7 undefined on input line
 50.


LaTeX Warning: Citation 'eur-lex_eidas_nodate' on page 7 undefined on input lin
e 50.

[7 <./images/man-in-the-middle.png>]

LaTeX Warning: Citation 'owasp_top_nodate' on page 8 undefined on input line 52
.


LaTeX Warning: Citation 'owasp_a01_nodate' on page 8 undefined on input line 52
.

<images/owasp-top10.png, id=335, 2597.705pt x 1371.1225pt>
File: images/owasp-top10.png Graphic file (type png)
<use images/owasp-top10.png>
Package pdftex.def Info: images/owasp-top10.png  used on input line 56.
(pdftex.def)             Requested size: 512.1496pt x 270.3073pt.

LaTeX Warning: Citation 'interpol_identity_nodate' on page 8 undefined on input
 line 64.


LaTeX Warning: Citation 'us_customs_and_border_protection_cincinnati_nodate' on
 page 8 undefined on input line 64.


LaTeX Warning: Citation 'international_council_on_archives_emergency_nodate' on
 page 8 undefined on input line 64.


LaTeX Warning: Citation 'geoengineerorg_cologne_nodate' on page 8 undefined on 
input line 64.


Overfull \hbox (49.67632pt too wide) in paragraph at lines 64--65
[]\OT1/ptm/m/n/12 Physical doc-u-ments face forgery and catas-trophic loss risk
s de-spite tra-di-tional con-trols [],
 []


Overfull \hbox (58.2446pt too wide) in paragraph at lines 64--65
[]\OT1/ptm/m/n/12 , [],
 []


LaTeX Warning: Citation 'verizon_2024_nodate' on page 8 undefined on input line
 65.


LaTeX Warning: Citation 'ibm_cost_nodate' on page 8 undefined on input line 65.



LaTeX Warning: Citation 'ibm_cost_nodate-1' on page 8 undefined on input line 6
5.


LaTeX Warning: Citation 'reuters__fbi_complaints_nodate' on page 8 undefined on
 input line 65.


LaTeX Warning: Citation 'wired_diginotar_nodate' on page 8 undefined on input l
ine 66.


LaTeX Warning: Citation 'hipaa_journal_verizon_nodate' on page 8 undefined on i
nput line 67.


LaTeX Warning: Citation 'owasp_top_nodate' on page 8 undefined on input line 67
.


LaTeX Warning: Citation 'owasp_a01_nodate' on page 8 undefined on input line 67
.


Overfull \hbox (25.4013pt too wide) in paragraph at lines 67--68
[]\OT1/ptm/m/n/12 Human/organizational er-rors and app-level vul-ner-a-bil-i-ti
es re-main preva-lent [],
 []


LaTeX Warning: Citation 'eur-lex_gdpr_nodate' on page 8 undefined on input line
 68.


LaTeX Warning: Citation 'eur-lex_eidas_nodate' on page 8 undefined on input lin
e 68.


Overfull \hbox (70.30548pt too wide) in paragraph at lines 68--69
[]\OT1/ptm/m/n/12 Regulatory frame-works de-mand prov-able safe-guards and ac-c
ount-abil-ity [], []. 
 []

[8 <./images/owasp-top10.png>]
<images/soc-compliance-standards.png, id=344, 1027.84pt x 897.3525pt>
File: images/soc-compliance-standards.png Graphic file (type png)
<use images/soc-compliance-standards.png>
Package pdftex.def Info: images/soc-compliance-standards.png  used on input lin
e 79.
(pdftex.def)             Requested size: 512.1496pt x 447.12788pt.
 [9 <./images/soc-compliance-standards.png>]
Chapter 2.

LaTeX Warning: Citation 'world_economic_forum_global_nodate' on page 10 undefin
ed on input line 91.


Overfull \hbox (131.09285pt too wide) in paragraph at lines 91--92
\OT1/ptm/m/n/12 ments re-main im-mutable and ver-i-fi-able over time, pro-vid-i
ng peace of mind and le-gal as-sur-ance []. 
 []


LaTeX Warning: Citation 'unesco_credentials_nodate' on page 10 undefined on inp
ut line 94.

<images/digital-certificates.png, id=352, 1579.40062pt x 905.63344pt>
File: images/digital-certificates.png Graphic file (type png)
<use images/digital-certificates.png>
Package pdftex.def Info: images/digital-certificates.png  used on input line 98
.
(pdftex.def)             Requested size: 512.1496pt x 293.66408pt.

LaTeX Warning: Citation 'european_comission_digital_nodate' on page 10 undefine
d on input line 104.

[10

 <./images/digital-certificates.png>]

LaTeX Warning: Citation 'european_comission_eidas_nodate' on page 11 undefined 
on input line 107.


Overfull \hbox (44.81187pt too wide) in paragraph at lines 107--108
\OT1/ptm/m/n/12 the EU's eI-DAS Reg-u-la-tion and the Gen-eral Data Pro-tec-tio
n Reg-u-la-tion (GDPR) []. 
 []

<images/cbp-travel-document.jpg, id=360, 1204.5pt x 732.7375pt>
File: images/cbp-travel-document.jpg Graphic file (type jpg)
<use images/cbp-travel-document.jpg>
Package pdftex.def Info: images/cbp-travel-document.jpg  used on input line 111
.
(pdftex.def)             Requested size: 512.1496pt x 311.57144pt.

LaTeX Warning: Citation 'ncfa_canada_future_nodate' on page 11 undefined on inp
ut line 118.


LaTeX Warning: Citation 'accenture_state_nodate' on page 11 undefined on input 
line 121.

[11 <./images/cbp-travel-document.jpg>]
<images/loan-agreement.jpg, id=367, 1003.75pt x 564.1075pt>
File: images/loan-agreement.jpg Graphic file (type jpg)
<use images/loan-agreement.jpg>
Package pdftex.def Info: images/loan-agreement.jpg  used on input line 125.
(pdftex.def)             Requested size: 512.1496pt x 287.83734pt.


LaTeX Warning: Citation 'kadir_canoz_use_nodate' on page 12 undefined on input 
line 131.


LaTeX Warning: Citation 'grand_view_horizon_global_nodate' on page 12 undefined
 on input line 137.


LaTeX Warning: Citation 'acumen_digital_nodate' on page 12 undefined on input l
ine 137.

[12 <./images/loan-agreement.jpg>]
<images/market-growth.png, id=376, 1164.60094pt x 481.8pt>
File: images/market-growth.png Graphic file (type png)
<use images/market-growth.png>
Package pdftex.def Info: images/market-growth.png  used on input line 141.
(pdftex.def)             Requested size: 512.1496pt x 211.88237pt.
<images/market-growth-2.png, id=377, 1467.23157pt x 586.44093pt>
File: images/market-growth-2.png Graphic file (type png)
<use images/market-growth-2.png>
Package pdftex.def Info: images/market-growth-2.png  used on input line 150.
(pdftex.def)             Requested size: 512.1496pt x 204.70259pt.
 [13 <./images/market-growth.png> <./images/market-growth-2.png>]

LaTeX Warning: Citation 'electro_iq_e-signature_nodate' on page 14 undefined on
 input line 165.

<images/market-share.png, id=387, 875.52094pt x 498.36188pt>
File: images/market-share.png Graphic file (type png)
<use images/market-share.png>
Package pdftex.def Info: images/market-share.png  used on input line 169.
(pdftex.def)             Requested size: 512.1496pt x 291.52911pt.
[14 <./images/market-share.png>]
<images/benefits-signatures.png, id=399, 733.99219pt x 450.18187pt>
File: images/benefits-signatures.png Graphic file (type png)
<use images/benefits-signatures.png>
Package pdftex.def Info: images/benefits-signatures.png  used on input line 189
.
(pdftex.def)             Requested size: 512.1496pt x 314.13599pt.


LaTeX Warning: Citation 'doxychain_power_nodate' on page 15 undefined on input 
line 209.

[15 <./images/benefits-signatures.png>]

LaTeX Warning: Citation 'deeksha_uikey_blockchain-based_nodate' on page 16 unde
fined on input line 213.


LaTeX Warning: Citation 'doxychain_power_nodate' on page 16 undefined on input 
line 214.

<images/blockchain-notarization.png, id=408, 722.7pt x 407.5225pt>
File: images/blockchain-notarization.png Graphic file (type png)
<use images/blockchain-notarization.png>
Package pdftex.def Info: images/blockchain-notarization.png  used on input line
 219.
(pdftex.def)             Requested size: 512.1496pt x 288.79579pt.

LaTeX Warning: Citation 'tejas_chandrakant_mhapankar_future_nodate' on page 16 
undefined on input line 224.


LaTeX Warning: Citation 'domenico_tortola_scalable_nodate' on page 16 undefined
 on input line 224.


Overfull \hbox (155.0329pt too wide) in paragraph at lines 224--225
\OT1/ptm/m/n/12 quantum-resistant cryp-tog-ra-phy|to en-sure pri-vacy, de-tect 
fraud, and future-proof se-cu-rity [].
 []


LaTeX Warning: Citation 'sutisoft_role_nodate' on page 16 undefined on input li
ne 227.


Overfull \hbox (58.00142pt too wide) in paragraph at lines 227--228
\OT1/ptm/m/n/12 pass-word plus a one-time code or bio-met-ric|before sign-ing o
r no-ta-riz-ing a doc-u-ment (Fig-ure []2.9[]) [].
 []

[16 <./images/blockchain-notarization.png>]

LaTeX Warning: Citation 'pingidentity_eight_nodate' on page 17 undefined on inp
ut line 230.


LaTeX Warning: Citation 'sutisoft_role_nodate' on page 17 undefined on input li
ne 231.


LaTeX Warning: Citation 'uplevel_systems_top_nodate' on page 17 undefined on in
put line 231.


LaTeX Warning: Citation 'sutisoft_role_nodate' on page 17 undefined on input li
ne 232.

<images/multifactor-auth.jpg, id=415, 1606.0pt x 697.60625pt>
File: images/multifactor-auth.jpg Graphic file (type jpg)
<use images/multifactor-auth.jpg>
Package pdftex.def Info: images/multifactor-auth.jpg  used on input line 237.
(pdftex.def)             Requested size: 512.1496pt x 222.47214pt.

LaTeX Warning: Citation 'pronotary_how_nodate' on page 17 undefined on input li
ne 242.


LaTeX Warning: Citation 'wikipedia_enotary_nodate' on page 17 undefined on inpu
t line 245.

[17 <./images/multifactor-auth.jpg>]
<images/remote-notarization.png, id=422, 1655.18375pt x 1010.77625pt>
File: images/remote-notarization.png Graphic file (type png)
<use images/remote-notarization.png>
Package pdftex.def Info: images/remote-notarization.png  used on input line 255
.
(pdftex.def)             Requested size: 512.1496pt x 312.75131pt.


LaTeX Warning: Citation 'wikipedia_notario_nodate' on page 18 undefined on inpu
t line 260.


LaTeX Warning: Citation 'wikipedia_privacy_nodate' on page 18 undefined on inpu
t line 263.

<images/zero-knowledge.png, id=424, 1204.5pt x 744.7825pt>
File: images/zero-knowledge.png Graphic file (type png)
<use images/zero-knowledge.png>
Package pdftex.def Info: images/zero-knowledge.png  used on input line 272.
(pdftex.def)             Requested size: 512.1496pt x 316.69316pt.
[18 <./images/remote-notarization.png>] [19 <./images/zero-knowledge.png>]
Chapter 3.
[20

]
<images/signing-verifying.png, id=446, 549.55313pt x 411.78844pt>
File: images/signing-verifying.png Graphic file (type png)
<use images/signing-verifying.png>
Package pdftex.def Info: images/signing-verifying.png  used on input line 306.
(pdftex.def)             Requested size: 512.1496pt x 383.79497pt.
 [21 <./images/signing-verifying.png (PNG copy)>]
Chapter 4.
<images/func-non-func.png, id=453, 1445.4pt x 813.0375pt>
File: images/func-non-func.png Graphic file (type png)
<use images/func-non-func.png>
Package pdftex.def Info: images/func-non-func.png  used on input line 321.
(pdftex.def)             Requested size: 512.1496pt x 288.07826pt.
[22

 <./images/func-non-func.png>]
<images/oauth-mechanism.jpg, id=464, 865.73438pt x 372.64218pt>
File: images/oauth-mechanism.jpg Graphic file (type jpg)
<use images/oauth-mechanism.jpg>
Package pdftex.def Info: images/oauth-mechanism.jpg  used on input line 346.
(pdftex.def)             Requested size: 512.1496pt x 220.45401pt.
 [23 <./images/oauth-mechanism.jpg>]
<images/jwt-mechanism.png, id=471, 1515.6625pt x 775.89874pt>
File: images/jwt-mechanism.png Graphic file (type png)
<use images/jwt-mechanism.png>
Package pdftex.def Info: images/jwt-mechanism.png  used on input line 369.
(pdftex.def)             Requested size: 512.1496pt x 262.1801pt.
 [24 <./images/jwt-mechanism.png>]
<images/umlDiagrams/uml-use-registration.png, id=482, 648.17157pt x 421.575pt>
File: images/umlDiagrams/uml-use-registration.png Graphic file (type png)
<use images/umlDiagrams/uml-use-registration.png>
Package pdftex.def Info: images/umlDiagrams/uml-use-registration.png  used on i
nput line 386.
(pdftex.def)             Requested size: 512.1496pt x 333.12422pt.
<images/umlDiagrams/uml-use-create.png, id=484, 647.41875pt x 438.13687pt>
File: images/umlDiagrams/uml-use-create.png Graphic file (type png)
<use images/umlDiagrams/uml-use-create.png>
Package pdftex.def Info: images/umlDiagrams/uml-use-create.png  used on input l
ine 394.
(pdftex.def)             Requested size: 512.1496pt x 346.61237pt.
 [25 <./images/umlDiagrams/uml-use-registration.png>]
<images/umlDiagrams/uml-use-verify.png, id=495, 612.03656pt x 271.76532pt>
File: images/umlDiagrams/uml-use-verify.png Graphic file (type png)
<use images/umlDiagrams/uml-use-verify.png>
Package pdftex.def Info: images/umlDiagrams/uml-use-verify.png  used on input l
ine 402.
(pdftex.def)             Requested size: 512.1496pt x 227.42291pt.

[26 <./images/umlDiagrams/uml-use-create.png>]
<images/umlDiagrams/uml-use-approve.png, id=506, 676.02562pt x 307.1475pt>
File: images/umlDiagrams/uml-use-approve.png Graphic file (type png)
<use images/umlDiagrams/uml-use-approve.png>
Package pdftex.def Info: images/umlDiagrams/uml-use-approve.png  used on input 
line 410.
(pdftex.def)             Requested size: 512.1496pt x 232.6987pt.
 [27 <./images/umlDiagrams/uml-use-verify.png> <./images/umlDiagrams/uml-use-ap
prove.png>]
<images/umlDiagrams/uml-sequence-registration.png, id=516, 831.105pt x 564.6093
8pt>
File: images/umlDiagrams/uml-sequence-registration.png Graphic file (type png)
<use images/umlDiagrams/uml-sequence-registration.png>
Package pdftex.def Info: images/umlDiagrams/uml-sequence-registration.png  used
 on input line 421.
(pdftex.def)             Requested size: 512.1496pt x 347.94345pt.
<images/umlDiagrams/uml-sequence-create.png, id=518, 630.10406pt x 530.73282pt>

File: images/umlDiagrams/uml-sequence-create.png Graphic file (type png)
<use images/umlDiagrams/uml-sequence-create.png>
Package pdftex.def Info: images/umlDiagrams/uml-sequence-create.png  used on in
put line 429.
(pdftex.def)             Requested size: 512.1496pt x 431.40561pt.
 [28 <./images/umlDiagrams/uml-sequence-registration.png>]
<images/umlDiagrams/uml-sequence-verify.png, id=528, 722.7pt x 544.28343pt>
File: images/umlDiagrams/uml-sequence-verify.png Graphic file (type png)
<use images/umlDiagrams/uml-sequence-verify.png>
Package pdftex.def Info: images/umlDiagrams/uml-sequence-verify.png  used on in
put line 437.
(pdftex.def)             Requested size: 512.1496pt x 385.71309pt.
 [29 <./images/umlDiagrams/uml-sequence-create.png>]
<images/umlDiagrams/uml-sequence-approve.png, id=538, 666.23906pt x 477.28313pt
>
File: images/umlDiagrams/uml-sequence-approve.png Graphic file (type png)
<use images/umlDiagrams/uml-sequence-approve.png>
Package pdftex.def Info: images/umlDiagrams/uml-sequence-approve.png  used on i
nput line 445.
(pdftex.def)             Requested size: 512.1496pt x 366.91924pt.
 [30 <./images/umlDiagrams/uml-sequence-verify.png>] [31 <./images/umlDiagrams/
uml-sequence-approve.png>]
<images/umlDiagrams/uml-class-core-domain.png, id=554, 894.34125pt x 510.40688p
t>
File: images/umlDiagrams/uml-class-core-domain.png Graphic file (type png)
<use images/umlDiagrams/uml-class-core-domain.png>
Package pdftex.def Info: images/umlDiagrams/uml-class-core-domain.png  used on 
input line 462.
(pdftex.def)             Requested size: 512.1496pt x 292.29008pt.
 [32 <./images/umlDiagrams/uml-class-core-domain.png>]
<images/figmaUI/landing-top.png, id=561, 1389.993pt x 1043.097pt>
File: images/figmaUI/landing-top.png Graphic file (type png)
<use images/figmaUI/landing-top.png>
Package pdftex.def Info: images/figmaUI/landing-top.png  used on input line 481
.
(pdftex.def)             Requested size: 512.16841pt x 384.34822pt.
 [33 <./images/figmaUI/landing-top.png>]
<images/figmaUI/login-crop.png, id=569, 1387.584pt x 962.3955pt>
File: images/figmaUI/login-crop.png Graphic file (type png)
<use images/figmaUI/login-crop.png>
Package pdftex.def Info: images/figmaUI/login-crop.png  used on input line 494.

(pdftex.def)             Requested size: 512.1496pt x 355.21436pt.
 [34 <./images/figmaUI/login-crop.png>]
<images/figmaUI/register1-crop.png, id=577, 1387.584pt x 1028.04076pt>
File: images/figmaUI/register1-crop.png Graphic file (type png)
<use images/figmaUI/register1-crop.png>
Package pdftex.def Info: images/figmaUI/register1-crop.png  used on input line 
506.
(pdftex.def)             Requested size: 512.1496pt x 379.44362pt.
 [35 <./images/figmaUI/register1-crop.png>]
<images/figmaUI/registerstep2.png, id=585, 1387.584pt x 917.22675pt>
File: images/figmaUI/registerstep2.png Graphic file (type png)
<use images/figmaUI/registerstep2.png>
Package pdftex.def Info: images/figmaUI/registerstep2.png  used on input line 5
19.
(pdftex.def)             Requested size: 512.1496pt x 338.54283pt.
<images/figmaUI/register3-crop.png, id=587, 1387.584pt x 525.162pt>
File: images/figmaUI/register3-crop.png Graphic file (type png)
<use images/figmaUI/register3-crop.png>
Package pdftex.def Info: images/figmaUI/register3-crop.png  used on input line 
530.
(pdftex.def)             Requested size: 512.1496pt x 193.8341pt.
 [36 <./images/figmaUI/registerstep2.png>] [37 <./images/figmaUI/register3-crop
.png>]
<images/figmaUI/successregister.png, id=602, 1387.584pt x 896.148pt>
File: images/figmaUI/successregister.png Graphic file (type png)
<use images/figmaUI/successregister.png>
Package pdftex.def Info: images/figmaUI/successregister.png  used on input line
 542.
(pdftex.def)             Requested size: 512.1496pt x 330.76279pt.
 [38 <./images/figmaUI/successregister.png>]
<images/figmaUI/documentspage1-crop.png, id=616, 1387.584pt x 870.8535pt>
File: images/figmaUI/documentspage1-crop.png Graphic file (type png)
<use images/figmaUI/documentspage1-crop.png>
Package pdftex.def Info: images/figmaUI/documentspage1-crop.png  used on input 
line 555.
(pdftex.def)             Requested size: 512.1496pt x 321.42674pt.
<images/figmaUI/success-crop.png, id=619, 1387.584pt x 482.40225pt>
File: images/figmaUI/success-crop.png Graphic file (type png)
<use images/figmaUI/success-crop.png>
Package pdftex.def Info: images/figmaUI/success-crop.png  used on input line 56
6.
(pdftex.def)             Requested size: 512.1496pt x 178.05174pt.
 [39 <./images/figmaUI/documentspage1-crop.png>]
<images/figmaUI/unsuccess-crop.png, id=632, 1387.584pt x 642.60075pt>
File: images/figmaUI/unsuccess-crop.png Graphic file (type png)
<use images/figmaUI/unsuccess-crop.png>
Package pdftex.def Info: images/figmaUI/unsuccess-crop.png  used on input line 
573.
(pdftex.def)             Requested size: 512.1496pt x 237.18004pt.
<images/figmaUI/documentspage2-crop.png, id=634, 1387.584pt x 870.8535pt>
File: images/figmaUI/documentspage2-crop.png Graphic file (type png)
<use images/figmaUI/documentspage2-crop.png>
Package pdftex.def Info: images/figmaUI/documentspage2-crop.png  used on input 
line 584.
(pdftex.def)             Requested size: 512.1496pt x 321.42674pt.

[40 <./images/figmaUI/success-crop.png> <./images/figmaUI/unsuccess-crop.png>]
[41 <./images/figmaUI/documentspage2-crop.png>]
<images/figmaUI/accountspage-account-crop.png, id=650, 1387.584pt x 626.94225pt
>
File: images/figmaUI/accountspage-account-crop.png Graphic file (type png)
<use images/figmaUI/accountspage-account-crop.png>
Package pdftex.def Info: images/figmaUI/accountspage-account-crop.png  used on 
input line 598.
(pdftex.def)             Requested size: 512.1496pt x 231.40059pt.
<images/figmaUI/accountspage-protection-crop.png, id=652, 1387.584pt x 336.0555
pt>
File: images/figmaUI/accountspage-protection-crop.png Graphic file (type png)
<use images/figmaUI/accountspage-protection-crop.png>
Package pdftex.def Info: images/figmaUI/accountspage-protection-crop.png  used 
on input line 609.
(pdftex.def)             Requested size: 512.1496pt x 124.03604pt.
 [42 <./images/figmaUI/accountspage-account-crop.png> <./images/figmaUI/account
spage-protection-crop.png>]
<images/figmaUI/accountspage-documents-crop.png, id=660, 1387.584pt x 702.2235p
t>
File: images/figmaUI/accountspage-documents-crop.png Graphic file (type png)
<use images/figmaUI/accountspage-documents-crop.png>
Package pdftex.def Info: images/figmaUI/accountspage-documents-crop.png  used o
n input line 621.
(pdftex.def)             Requested size: 512.1496pt x 259.18643pt.
)
[43 <./images/figmaUI/accountspage-documents-crop.png>] (tex_files/midterm2.tex
Chapter 5.

LaTeX Warning: Citation 'alexei_pavlovschii_blocksign_nodate' on page 44 undefi
ned on input line 3.


LaTeX Warning: Citation 'vladimir_vitcovschii_blocksign_nodate' on page 44 unde
fined on input line 3.


Overfull \hbox (149.15134pt too wide) in paragraph at lines 3--4
\OT1/ptm/m/n/12 er-ences: Back-end Core Logic[] and Front-end User Interface[].
 
 []

<images/main-project-routers.png, id=668, 1318.9275pt x 509.905pt>
File: images/main-project-routers.png Graphic file (type png)
<use images/main-project-routers.png>
Package pdftex.def Info: images/main-project-routers.png  used on input line 10
.
(pdftex.def)             Requested size: 512.1496pt x 198.00629pt.
<images/user-db-model.png, id=670, 2017.5375pt x 1377.145pt>
File: images/user-db-model.png Graphic file (type png)
<use images/user-db-model.png>
Package pdftex.def Info: images/user-db-model.png  used on input line 25.
(pdftex.def)             Requested size: 512.1496pt x 349.58081pt.
[44


 <./images/main-project-routers.png>] [45 <./images/user-db-model.png>]
<images/email-sending.png, id=684, 2754.29pt x 618.31pt>
File: images/email-sending.png Graphic file (type png)
<use images/email-sending.png>
Package pdftex.def Info: images/email-sending.png  used on input line 45.
(pdftex.def)             Requested size: 512.1496pt x 114.9705pt.
<images/keygen.png, id=686, 2105.8675pt x 835.12pt>
File: images/keygen.png Graphic file (type png)
<use images/keygen.png>
Package pdftex.def Info: images/keygen.png  used on input line 55.
(pdftex.def)             Requested size: 512.1496pt x 203.09615pt.

[46 <./images/email-sending.png> <./images/keygen.png>]
<images/payload-signature.png, id=696, 1421.31pt x 889.3225pt>
File: images/payload-signature.png Graphic file (type png)
<use images/payload-signature.png>
Package pdftex.def Info: images/payload-signature.png  used on input line 69.
(pdftex.def)             Requested size: 512.1496pt x 320.45439pt.
 [47 <./images/payload-signature.png>]
<images/siteUI/code.png, id=704, 1429.59094pt x 730.22812pt>
File: images/siteUI/code.png Graphic file (type png)
<use images/siteUI/code.png>
Package pdftex.def Info: images/siteUI/code.png  used on input line 87.
(pdftex.def)             Requested size: 512.1496pt x 261.60054pt.
 [48 <./images/siteUI/code.png>] [49]
<images/siteUI/codeMail.png, id=721, 667.74469pt x 409.53pt>
File: images/siteUI/codeMail.png Graphic file (type png)
<use images/siteUI/codeMail.png>
Package pdftex.def Info: images/siteUI/codeMail.png  used on input line 154.
(pdftex.def)             Requested size: 512.1496pt x 314.12677pt.
<images/siteUI/register.png, id=723, 1429.59094pt x 729.47531pt>
File: images/siteUI/register.png Graphic file (type png)
<use images/siteUI/register.png>
Package pdftex.def Info: images/siteUI/register.png  used on input line 163.
(pdftex.def)             Requested size: 512.1496pt x 261.33086pt.
 [50 <./images/siteUI/codeMail.png>]
<images/siteUI/thankYou.png, id=732, 662.475pt x 468.24937pt>
File: images/siteUI/thankYou.png Graphic file (type png)
<use images/siteUI/thankYou.png>
Package pdftex.def Info: images/siteUI/thankYou.png  used on input line 172.
(pdftex.def)             Requested size: 512.1496pt x 362.01068pt.
 [51 <./images/siteUI/register.png>] [52 <./images/siteUI/thankYou.png>]
<images/siteUI/mnemonicLogin.png, id=750, 925.95938pt x 410.2828pt>
File: images/siteUI/mnemonicLogin.png Graphic file (type png)
<use images/siteUI/mnemonicLogin.png>
Package pdftex.def Info: images/siteUI/mnemonicLogin.png  used on input line 19
7.
(pdftex.def)             Requested size: 512.1496pt x 226.9271pt.
<images/siteUI/headerAccountUser.png, id=752, 1428.83812pt x 94.85437pt>
File: images/siteUI/headerAccountUser.png Graphic file (type png)
<use images/siteUI/headerAccountUser.png>
Package pdftex.def Info: images/siteUI/headerAccountUser.png  used on input lin
e 209.
(pdftex.def)             Requested size: 512.1496pt x 33.99991pt.
 [53 <./images/siteUI/mnemonicLogin.png> <./images/siteUI/headerAccountUser.png
>]
<images/siteUI/headerAccountAdmin.png, id=766, 554.82281pt x 218.31563pt>
File: images/siteUI/headerAccountAdmin.png Graphic file (type png)
<use images/siteUI/headerAccountAdmin.png>
Package pdftex.def Info: images/siteUI/headerAccountAdmin.png  used on input li
ne 218.
(pdftex.def)             Requested size: 512.1496pt x 201.52571pt.
<images/siteUI/adminConsole.png, id=768, 1444.64719pt x 577.40718pt>
File: images/siteUI/adminConsole.png Graphic file (type png)
<use images/siteUI/adminConsole.png>
Package pdftex.def Info: images/siteUI/adminConsole.png  used on input line 227
.
(pdftex.def)             Requested size: 512.1496pt x 204.69464pt.
<images/siteUI/adminConsoleNoRequests.png, id=770, 876.27374pt x 154.32657pt>
File: images/siteUI/adminConsoleNoRequests.png Graphic file (type png)
<use images/siteUI/adminConsoleNoRequests.png>
Package pdftex.def Info: images/siteUI/adminConsoleNoRequests.png  used on inpu
t line 246.
(pdftex.def)             Requested size: 512.1496pt x 90.19942pt.
 [54 <./images/siteUI/headerAccountAdmin.png> <./images/siteUI/adminConsole.png
>]
<images/siteUI/finishRegMail.png, id=780, 900.36375pt x 396.7322pt>
File: images/siteUI/finishRegMail.png Graphic file (type png)
<use images/siteUI/finishRegMail.png>
Package pdftex.def Info: images/siteUI/finishRegMail.png  used on input line 25
7.
(pdftex.def)             Requested size: 512.1496pt x 225.67961pt.
<images/siteUI/mnemonicPhrase.png, id=782, 507.39563pt x 606.76688pt>
File: images/siteUI/mnemonicPhrase.png Graphic file (type png)
<use images/siteUI/mnemonicPhrase.png>
Package pdftex.def Info: images/siteUI/mnemonicPhrase.png  used on input line 2
66.
(pdftex.def)             Requested size: 512.1496pt x 612.46863pt.
 [55 <./images/siteUI/adminConsoleNoRequests.png> <./images/siteUI/finishRegMai
l.png>]
<images/siteUI/securityMethod.png, id=794, 724.95844pt x 437.38406pt>
File: images/siteUI/securityMethod.png Graphic file (type png)
<use images/siteUI/securityMethod.png>
Package pdftex.def Info: images/siteUI/securityMethod.png  used on input line 2
75.
(pdftex.def)             Requested size: 512.1496pt x 308.99649pt.
 [56 <./images/siteUI/mnemonicPhrase.png>]
<images/siteUI/pinForSite.png, id=801, 700.86844pt x 423.83344pt>
File: images/siteUI/pinForSite.png Graphic file (type png)
<use images/siteUI/pinForSite.png>
Package pdftex.def Info: images/siteUI/pinForSite.png  used on input line 284.
(pdftex.def)             Requested size: 512.1496pt x 309.73212pt.
 [57 <./images/siteUI/securityMethod.png>]
<images/siteUI/logedIn.png, id=808, 1429.59094pt x 728.7225pt>
File: images/siteUI/logedIn.png Graphic file (type png)
<use images/siteUI/logedIn.png>
Package pdftex.def Info: images/siteUI/logedIn.png  used on input line 297.
(pdftex.def)             Requested size: 512.1496pt x 261.06117pt.
 [58 <./images/siteUI/pinForSite.png>] [59 <./images/siteUI/logedIn.png>] [60] 
[61]) [62] (tex_files/conclusion.tex
Overfull \hbox (4.03499pt too wide) in paragraph at lines 10--11
[]\OT1/ptm/m/n/12 The re-sults con-firm the fea-si-bil-ity of us-ing lightweigh
t cryp-to-graphic li-braries and struc-tured database
 []

) [63


] (tex_files/bibliography.tex

LaTeX Warning: Empty bibliography on input line 3.

) (main.aux)
 ***********
LaTeX2e <2023-11-01> patch level 1
L3 programming layer <2024-01-04>
 ***********


LaTeX Warning: There were undefined references.

Package rerunfilecheck Info: File `main.out' has not changed.
(rerunfilecheck)             Checksum: 51BEF57DCBF2E5A111726E15FC0AB431;10622.

Package biblatex Warning: Please (re)run Biber on the file:
(biblatex)                main
(biblatex)                and rerun LaTeX afterwards.

Package logreq Info: Writing requests to 'main.run.xml'.
\openout1 = `main.run.xml'.

 ) 
Here is how much of TeX's memory you used:
 25738 strings out of 474486
 456456 string characters out of 5760170
 1938542 words of memory out of 5000000
 47431 multiletter control sequences out of 15000+600000
 587709 words of font info for 91 fonts, out of 8000000 for 9000
 1141 hyphenation exceptions out of 8191
 123i,14n,121p,1210b,2314s stack positions out of 10000i,1000n,20000p,200000b,200000s
<C:/miktex/fonts/type1/public/amsfonts/cm/cmsy10.pfb><C:/miktex/fonts/type1/u
rw/times/utmb8a.pfb><C:/miktex/fonts/type1/urw/times/utmr8a.pfb>
Output written on main.pdf (63 pages, 8026055 bytes).
PDF statistics:
 917 PDF objects out of 1000 (max. 8388607)
 227 named destinations out of 1000 (max. 500000)
 765 words of extra memory for PDF output out of 10000 (max. 10000000)

